<?xml version="1.0" encoding="UTF-8" standalone="no"?>
<testsuite failures="0" name="cucumber.runtime.formatter.JUnitFormatter" skipped="0" tests="1" time="14.538702">
    <testcase classname="Free CRM Login Feature" name="Free CRM Login Test Scenario" time="14.538702">
        <system-out>
            <![CDATA[Given User is already on login page.........................................passed
When title of Login page is Free CRM........................................passed
Then user enters username and password......................................passed
Then user clicks on login button............................................passed
Then user is on home page...................................................passed
Then Close the browser......................................................passed
]]>
        </system-out>
    </testcase>
</testsuite>
